[INFO] Scanning for projects...
[INFO] 
[INFO] ------------------< com.siri:individual-project-siri >------------------
[INFO] Building individual-project-siri 1.0-SNAPSHOT
[INFO]   from pom.xml
[INFO] --------------------------------[ jar ]---------------------------------
[INFO] 
[INFO] --- clean:3.2.0:clean (default-clean) @ individual-project-siri ---
[INFO] Deleting /Users/siri/Desktop/indivi-202/target
[INFO] 
[INFO] --- resources:3.3.0:resources (default-resources) @ individual-project-siri ---
[WARNING] Using platform encoding (UTF-8 actually) to copy filtered resources, i.e. build is platform dependent!
[INFO] Copying 9 resources
[INFO] 
[INFO] --- compiler:3.10.1:compile (default-compile) @ individual-project-siri ---
[INFO] Changes detected - recompiling the module!
[WARNING] File encoding has not been set, using platform encoding UTF-8, i.e. build is platform dependent!
[INFO] Compiling 16 source files to /Users/siri/Desktop/indivi-202/target/classes
[INFO] 
[INFO] --- resources:3.3.0:testResources (default-testResources) @ individual-project-siri ---
[WARNING] Using platform encoding (UTF-8 actually) to copy filtered resources, i.e. build is platform dependent!
[INFO] skip non existing resourceDirectory /Users/siri/Desktop/indivi-202/src/test/resources
[INFO] 
[INFO] --- compiler:3.10.1:testCompile (default-testCompile) @ individual-project-siri ---
[INFO] Changes detected - recompiling the module!
[WARNING] File encoding has not been set, using platform encoding UTF-8, i.e. build is platform dependent!
[INFO] Compiling 4 source files to /Users/siri/Desktop/indivi-202/target/test-classes
[INFO] 
[INFO] --- surefire:3.0.0:test (default-test) @ individual-project-siri ---
[INFO] Using auto detected provider org.apache.maven.surefire.junit4.JUnit4Provider
[INFO] 
[INFO] -------------------------------------------------------
[INFO]  T E S T S
[INFO] -------------------------------------------------------
[INFO] Running com.siri.UtilsTest
[INFO] Tests run: 4, Failures: 0, Errors: 0, Skipped: 0, Time elapsed: 0.039 s - in com.siri.UtilsTest
[INFO] Running com.siri.io.RecordIOTest
[INFO] Tests run: 3, Failures: 0, Errors: 0, Skipped: 0, Time elapsed: 0.127 s - in com.siri.io.RecordIOTest
[INFO] Running com.siri.io.RecordIOFactoryTest
[INFO] Tests run: 4, Failures: 0, Errors: 0, Skipped: 0, Time elapsed: 0 s - in com.siri.io.RecordIOFactoryTest
[INFO] Running com.siri.cc.CreditCardFactoryTest
[INFO] Tests run: 4, Failures: 0, Errors: 0, Skipped: 0, Time elapsed: 0 s - in com.siri.cc.CreditCardFactoryTest
[INFO] 
[INFO] Results:
[INFO] 
[INFO] Tests run: 15, Failures: 0, Errors: 0, Skipped: 0
[INFO] 
[INFO] 
[INFO] --- jar:3.3.0:jar (default-jar) @ individual-project-siri ---
[INFO] Building jar: /Users/siri/Desktop/indivi-202/target/individual-project-siri.jar
[INFO] 
[INFO] --- shade:3.2.4:shade (default) @ individual-project-siri ---
[WARNING] Parameter 'localRepository' is deprecated core expression; Avoid use of ArtifactRepository type. If you need access to local repository, switch to '${repositorySystemSession}' expression and get LRM from it instead.
[INFO] Including junit:junit:jar:4.13.2 in the shaded jar.
[INFO] Including org.hamcrest:hamcrest-core:jar:1.3 in the shaded jar.
[INFO] Including com.fasterxml.jackson.core:jackson-core:jar:2.11.4 in the shaded jar.
[INFO] Including com.fasterxml.jackson.core:jackson-databind:jar:2.11.4 in the shaded jar.
[INFO] Including com.fasterxml.jackson.core:jackson-annotations:jar:2.11.4 in the shaded jar.
[INFO] Including com.fasterxml.jackson.dataformat:jackson-dataformat-csv:jar:2.11.4 in the shaded jar.
[INFO] Including com.fasterxml.jackson.dataformat:jackson-dataformat-xml:jar:2.11.4 in the shaded jar.
[INFO] Including com.fasterxml.jackson.module:jackson-module-jaxb-annotations:jar:2.11.4 in the shaded jar.
[INFO] Including jakarta.xml.bind:jakarta.xml.bind-api:jar:2.3.2 in the shaded jar.
[INFO] Including jakarta.activation:jakarta.activation-api:jar:1.2.1 in the shaded jar.
[INFO] Including org.codehaus.woodstox:stax2-api:jar:4.2.1 in the shaded jar.
[INFO] Including com.fasterxml.woodstox:woodstox-core:jar:6.2.3 in the shaded jar.
[INFO] Including commons-io:commons-io:jar:2.8.0 in the shaded jar.
[WARNING] Discovered module-info.class. Shading will break its strong encapsulation.
[WARNING] Discovered module-info.class. Shading will break its strong encapsulation.
[WARNING] Discovered module-info.class. Shading will break its strong encapsulation.
[WARNING] Discovered module-info.class. Shading will break its strong encapsulation.
[WARNING] Discovered module-info.class. Shading will break its strong encapsulation.
[WARNING] Discovered module-info.class. Shading will break its strong encapsulation.
[WARNING] Discovered module-info.class. Shading will break its strong encapsulation.
[WARNING] Discovered module-info.class. Shading will break its strong encapsulation.
[WARNING] Discovered module-info.class. Shading will break its strong encapsulation.
[WARNING] commons-io-2.8.0.jar, hamcrest-core-1.3.jar, individual-project-siri.jar, jackson-annotations-2.11.4.jar, jackson-core-2.11.4.jar, jackson-databind-2.11.4.jar, jackson-dataformat-csv-2.11.4.jar, jackson-dataformat-xml-2.11.4.jar, jackson-module-jaxb-annotations-2.11.4.jar, jakarta.activation-api-1.2.1.jar, jakarta.xml.bind-api-2.3.2.jar, junit-4.13.2.jar, stax2-api-4.2.1.jar, woodstox-core-6.2.3.jar define 1 overlapping resource: 
[WARNING]   - META-INF/MANIFEST.MF
[WARNING] jackson-annotations-2.11.4.jar, jackson-core-2.11.4.jar, jackson-databind-2.11.4.jar, jackson-dataformat-xml-2.11.4.jar, jackson-module-jaxb-annotations-2.11.4.jar, stax2-api-4.2.1.jar, woodstox-core-6.2.3.jar define 1 overlapping resource: 
[WARNING]   - META-INF/LICENSE
[WARNING] jackson-core-2.11.4.jar, jackson-databind-2.11.4.jar, jackson-dataformat-xml-2.11.4.jar, jackson-module-jaxb-annotations-2.11.4.jar define 1 overlapping resource: 
[WARNING]   - META-INF/NOTICE
[WARNING] jackson-core-2.11.4.jar, jackson-dataformat-csv-2.11.4.jar, jackson-dataformat-xml-2.11.4.jar define 1 overlapping resource: 
[WARNING]   - META-INF/services/com.fasterxml.jackson.core.JsonFactory
[WARNING] jackson-databind-2.11.4.jar, jackson-dataformat-csv-2.11.4.jar, jackson-dataformat-xml-2.11.4.jar define 1 overlapping resource: 
[WARNING]   - META-INF/services/com.fasterxml.jackson.core.ObjectCodec
[WARNING] jakarta.activation-api-1.2.1.jar, jakarta.xml.bind-api-2.3.2.jar define 2 overlapping resources: 
[WARNING]   - META-INF/LICENSE.md
[WARNING]   - META-INF/NOTICE.md
[WARNING] maven-shade-plugin has detected that some class files are
[WARNING] present in two or more JARs. When this happens, only one
[WARNING] single version of the class is copied to the uber jar.
[WARNING] Usually this is not harmful and you can skip these warnings,
[WARNING] otherwise try to manually exclude artifacts based on
[WARNING] mvn dependency:tree -Ddetail=true and the above output.
[WARNING] See http://maven.apache.org/plugins/maven-shade-plugin/
[INFO] Replacing original artifact with shaded artifact.
[INFO] Replacing /Users/siri/Desktop/indivi-202/target/individual-project-siri.jar with /Users/siri/Desktop/indivi-202/target/individual-project-siri-1.0-SNAPSHOT-shaded.jar
[INFO] Dependency-reduced POM written at: /Users/siri/Desktop/indivi-202/dependency-reduced-pom.xml
[INFO] 
[INFO] --- install:3.1.0:install (default-install) @ individual-project-siri ---
[INFO] Installing /Users/siri/Desktop/indivi-202/dependency-reduced-pom.xml to /Users/siri/.m2/repository/com/siri/individual-project-siri/1.0-SNAPSHOT/individual-project-siri-1.0-SNAPSHOT.pom
[INFO] Installing /Users/siri/Desktop/indivi-202/target/individual-project-siri.jar to /Users/siri/.m2/repository/com/siri/individual-project-siri/1.0-SNAPSHOT/individual-project-siri-1.0-SNAPSHOT.jar
[INFO] ------------------------------------------------------------------------
[INFO] BUILD SUCCESS
[INFO] ------------------------------------------------------------------------
[INFO] Total time:  1.937 s
[INFO] Finished at: 2023-05-11T23:21:37-07:00
[INFO] ------------------------------------------------------------------------